==12489== Memcheck, a memory error detector
==12489== Copyright (C) 2002-2015, and GNU GPL'd, by Julian Seward et al.
==12489== Using Valgrind-3.11.0 and LibVEX; rerun with -h for copyright info
==12489== Command: ./bubblesort 3 4 2 1
==12489== Parent PID: 2139
==12489== 
--12489-- 
--12489-- Valgrind options:
--12489--    -v
--12489--    --tool=memcheck
--12489--    --leak-check=full
--12489--    --num-callers=40
--12489--    --log-file=valgrind.log
--12489-- Contents of /proc/version:
--12489--   Linux version 4.4.0-66-generic (buildd@lgw01-28) (gcc version 5.4.0 20160609 (Ubuntu 5.4.0-6ubuntu1~16.04.4) ) #87-Ubuntu SMP Fri Mar 3 15:29:05 UTC 2017
--12489-- 
--12489-- Arch and hwcaps: X86, LittleEndian, x86-mmxext-sse1-sse2-sse3-lzcnt
--12489-- Page sizes: currently 4096, max supported 4096
--12489-- Valgrind library directory: /usr/lib/valgrind
--12489-- Reading syms from /lib32/ld-2.23.so
--12489--    object doesn't have a symbol table

valgrind:  Fatal error at startup: a function redirection
valgrind:  which is mandatory for this platform-tool combination
valgrind:  cannot be set up.  Details of the redirection are:
valgrind:  
valgrind:  A must-be-redirected function
valgrind:  whose name matches the pattern:      strlen
valgrind:  in an object with soname matching:   ld-linux.so.2
valgrind:  was not found whilst processing
valgrind:  symbols from the object with soname: ld-linux.so.2
valgrind:  
valgrind:  Possible fixes: (1, short term): install glibc's debuginfo
valgrind:  package on this machine.  (2, longer term): ask the packagers
valgrind:  for your Linux distribution to please in future ship a non-
valgrind:  stripped ld.so (or whatever the dynamic linker .so is called)
valgrind:  that exports the above-named function using the standard
valgrind:  calling conventions for this platform.  The package you need
valgrind:  to install for fix (1) is called
valgrind:  
valgrind:    On Debian, Ubuntu:                 libc6-dbg
valgrind:    On SuSE, openSuSE, Fedora, RHEL:   glibc-debuginfo
valgrind:  
valgrind:  Cannot continue -- exiting now.  Sorry.

